<?xml version="1.0" encoding="UTF-8" ?>
<testsuite tests="0" failures="0" name="com.ljk.ioc.IocTest" time="0" errors="0" skipped="0">
  <properties>
    <property name="java.runtime.name" value="Java(TM) SE Runtime Environment"/>
    <property name="sun.boot.library.path" value="E:\Compilers\JDK8\jre\bin"/>
    <property name="java.vm.version" value="25.351-b10"/>
    <property name="java.vm.vendor" value="Oracle Corporation"/>
    <property name="maven.multiModuleProjectDirectory" value="E:\workspace\java_EE\webtestdemo"/>
    <property name="java.vendor.url" value="http://java.oracle.com/"/>
    <property name="path.separator" value=";"/>
    <property name="guice.disable.misplaced.annotation.check" value="true"/>
    <property name="java.vm.name" value="Java HotSpot(TM) 64-Bit Server VM"/>
    <property name="file.encoding.pkg" value="sun.io"/>
    <property name="user.script" value=""/>
    <property name="user.country" value="CN"/>
    <property name="sun.java.launcher" value="SUN_STANDARD"/>
    <property name="sun.os.patch.level" value=""/>
    <property name="java.vm.specification.name" value="Java Virtual Machine Specification"/>
    <property name="user.dir" value="E:\workspace\java_EE\webtestdemo"/>
    <property name="java.runtime.version" value="1.8.0_351-b10"/>
    <property name="java.awt.graphicsenv" value="sun.awt.Win32GraphicsEnvironment"/>
    <property name="java.endorsed.dirs" value="E:\Compilers\JDK8\jre\lib\endorsed"/>
    <property name="os.arch" value="amd64"/>
    <property name="java.io.tmpdir" value="C:\Users\jack\AppData\Local\Temp\"/>
    <property name="line.separator" value="
"/>
    <property name="java.vm.specification.vendor" value="Oracle Corporation"/>
    <property name="user.variant" value=""/>
    <property name="os.name" value="Windows 10"/>
    <property name="classworlds.conf" value="E:\ProgramTools\maven-3.8.6\bin\m2.conf"/>
    <property name="sun.jnu.encoding" value="GBK"/>
    <property name="java.library.path" value="E:\Compilers\JDK8\bin;C:\Windows\Sun\Java\bin;C:\Windows\system32;C:\Windows;C:\Program Files (x86)\Common Files\Oracle\Java\javapath;C:\Windows\system32;C:\Windows;C:\Windows\System32\Wbem;C:\Windows\System32\WindowsPowerShell\v1.0\;C:\Windows\System32\OpenSSH\;E:\LifeTools\PuTTY\;E:\ProgramTools\Git\cmd;C:\Program Files\Typora\Typora.exe;E:\LifeTools\WinSCP\;E:\Compilers\mingw64\bin;E:\ProgramTools\Hsdk\toolchains\3.1.1.2;E:\Compilers\py\python.exe;E:\Compilers\py\Scripts;E:\ProgramTools\maven-3.8.6\bin;E:\Compilers\JDK8\bin;E:\ProgramTools\tomcat-8.5\lib\servlet-api.jar;E:\desktop\servelet;E:\Compilers\JDK8\lib;E:\Compilers\JDK8\lib\dt.jar;E:\Compilers\JDK8\lib\tools.jar;E:\Compilers\JDK8\jre\bin;E:\Compilers\py\Scripts\;E:\Compilers\py\;C:\Users\jack\AppData\Local\Microsoft\WindowsApps;;C:\Users\jack\AppData\Local\Programs\Microsoft VS Code\bin;."/>
    <property name="maven.conf" value="E:\ProgramTools\maven-3.8.6/conf"/>
    <property name="java.specification.name" value="Java Platform API Specification"/>
    <property name="java.class.version" value="52.0"/>
    <property name="sun.management.compiler" value="HotSpot 64-Bit Tiered Compilers"/>
    <property name="os.version" value="10.0"/>
    <property name="library.jansi.path" value="E:\ProgramTools\maven-3.8.6\lib\jansi-native"/>
    <property name="user.home" value="C:\Users\jack"/>
    <property name="user.timezone" value="Asia/Shanghai"/>
    <property name="java.awt.printerjob" value="sun.awt.windows.WPrinterJob"/>
    <property name="java.specification.version" value="1.8"/>
    <property name="file.encoding" value="GBK"/>
    <property name="user.name" value="jack"/>
    <property name="java.class.path" value="E:\ProgramTools\maven-3.8.6\boot\plexus-classworlds-2.6.0.jar"/>
    <property name="java.vm.specification.version" value="1.8"/>
    <property name="sun.arch.data.model" value="64"/>
    <property name="java.home" value="E:\Compilers\JDK8\jre"/>
    <property name="sun.java.command" value="org.codehaus.plexus.classworlds.launcher.Launcher install"/>
    <property name="java.specification.vendor" value="Oracle Corporation"/>
    <property name="user.language" value="zh"/>
    <property name="awt.toolkit" value="sun.awt.windows.WToolkit"/>
    <property name="java.vm.info" value="mixed mode"/>
    <property name="java.version" value="1.8.0_351"/>
    <property name="java.ext.dirs" value="E:\Compilers\JDK8\jre\lib\ext;C:\Windows\Sun\Java\lib\ext"/>
    <property name="sun.boot.class.path" value="E:\Compilers\JDK8\jre\lib\resources.jar;E:\Compilers\JDK8\jre\lib\rt.jar;E:\Compilers\JDK8\jre\lib\jsse.jar;E:\Compilers\JDK8\jre\lib\jce.jar;E:\Compilers\JDK8\jre\lib\charsets.jar;E:\Compilers\JDK8\jre\lib\jfr.jar;E:\Compilers\JDK8\jre\classes"/>
    <property name="sun.stderr.encoding" value="ms936"/>
    <property name="java.vendor" value="Oracle Corporation"/>
    <property name="java.specification.maintenance.version" value="4"/>
    <property name="maven.home" value="E:\ProgramTools\maven-3.8.6"/>
    <property name="file.separator" value="\"/>
    <property name="java.vendor.url.bug" value="http://bugreport.sun.com/bugreport/"/>
    <property name="sun.cpu.endian" value="little"/>
    <property name="sun.io.unicode.encoding" value="UnicodeLittle"/>
    <property name="sun.stdout.encoding" value="ms936"/>
    <property name="sun.desktop" value="windows"/>
    <property name="sun.cpu.isalist" value="amd64"/>
  </properties>
</testsuite>